<?xml version="1.0" encoding="UTF-8" ?>
<testsuite tests="4" failures="0" name="br.com.cmedina.starwars.test.dao.PlanetaDAOTest" time="0.099" errors="0" skipped="0">
  <properties>
[...]
</properties>
  <testcase classname="br.com.cmedina.starwars.test.dao.PlanetaDAOTest" name="aaInserirPlaneta" time="0.057"/>
  <testcase classname="br.com.cmedina.starwars.test.dao.PlanetaDAOTest" name="bbRecuperarPlanetas" time="0.023"/>
  <testcase classname="br.com.cmedina.starwars.test.dao.PlanetaDAOTest" name="ccAlterarPlaneta" time="0.015"/>
  <testcase classname="br.com.cmedina.starwars.test.dao.PlanetaDAOTest" name="zzExcluirPlaneta" time="0.004"/>
</testsuite>